=========================================
تجميع كتاب رفيق الرعاية
Compiling Rafiq Al-Ri'aya Book
=========================================

✅ XeLaTeX موجود
✅ XeLaTeX found

🧹 تنظيف ملفات التجميع السابقة...
🧹 Cleaning previous build files...

📝 التجميع الأول (First compilation)...
Package fontspec Warning: Ignored LuaTeX-only feature:
Package hyperref Warning: Rerun to get /PageLabels entry.
Package hyperref Warning: Token not allowed in a PDF string (Unicode):
Package hyperref Warning: Token not allowed in a PDF string (Unicode):
Package hyperref Warning: Token not allowed in a PDF string (Unicode):
Package hyperref Warning: Token not allowed in a PDF string (Unicode):
Package hyperref Warning: Token not allowed in a PDF string (Unicode):
Package hyperref Warning: Token not allowed in a PDF string (Unicode):
Package hyperref Warning: Token not allowed in a PDF string (Unicode):
Package hyperref Warning: Token not allowed in a PDF string (Unicode):
Package hyperref Warning: Token not allowed in a PDF string (Unicode):
Package hyperref Warning: Token not allowed in a PDF string (Unicode):
Package hyperref Warning: Token not allowed in a PDF string (Unicode):
Package hyperref Warning: Token not allowed in a PDF string (Unicode):
Package hyperref Warning: Token not allowed in a PDF string (Unicode):
Package hyperref Warning: Token not allowed in a PDF string (Unicode):
Package hyperref Warning: Token not allowed in a PDF string (Unicode):
Package hyperref Warning: Token not allowed in a PDF string (Unicode):
Package hyperref Warning: Token not allowed in a PDF string (Unicode):
Package hyperref Warning: Token not allowed in a PDF string (Unicode):
Package hyperref Warning: Token not allowed in a PDF string (Unicode):
Package hyperref Warning: Token not allowed in a PDF string (Unicode):
Package hyperref Warning: Token not allowed in a PDF string (Unicode):
Package hyperref Warning: Token not allowed in a PDF string (Unicode):
Package hyperref Warning: Token not allowed in a PDF string (Unicode):
Package hyperref Warning: Token not allowed in a PDF string (Unicode):
Package hyperref Warning: Token not allowed in a PDF string (Unicode):
Package hyperref Warning: Token not allowed in a PDF string (Unicode):
Package hyperref Warning: Token not allowed in a PDF string (Unicode):
Package hyperref Warning: Token not allowed in a PDF string (Unicode):
Package hyperref Warning: Token not allowed in a PDF string (Unicode):
Package hyperref Warning: Token not allowed in a PDF string (Unicode):
Package hyperref Warning: Token not allowed in a PDF string (Unicode):
Package hyperref Warning: Token not allowed in a PDF string (Unicode):
Package hyperref Warning: Token not allowed in a PDF string (Unicode):
Package hyperref Warning: Token not allowed in a PDF string (Unicode):
Package hyperref Warning: Token not allowed in a PDF string (Unicode):
Package hyperref Warning: Token not allowed in a PDF string (Unicode):
Package hyperref Warning: Token not allowed in a PDF string (Unicode):
Package hyperref Warning: Token not allowed in a PDF string (Unicode):
Package hyperref Warning: Token not allowed in a PDF string (Unicode):
Package hyperref Warning: Token not allowed in a PDF string (Unicode):
Package hyperref Warning: Token not allowed in a PDF string (Unicode):
Package hyperref Warning: Token not allowed in a PDF string (Unicode):
Package hyperref Warning: Token not allowed in a PDF string (Unicode):
Package hyperref Warning: Token not allowed in a PDF string (Unicode):
Package hyperref Warning: Token not allowed in a PDF string (Unicode):
Package hyperref Warning: Token not allowed in a PDF string (Unicode):
Package hyperref Warning: Token not allowed in a PDF string (Unicode):
Package hyperref Warning: Token not allowed in a PDF string (Unicode):
Package hyperref Warning: Token not allowed in a PDF string (Unicode):
Package hyperref Warning: Token not allowed in a PDF string (Unicode):
Package hyperref Warning: Token not allowed in a PDF string (Unicode):
Package hyperref Warning: Token not allowed in a PDF string (Unicode):
Package hyperref Warning: Token not allowed in a PDF string (Unicode):
Package hyperref Warning: Token not allowed in a PDF string (Unicode):
Package hyperref Warning: Token not allowed in a PDF string (Unicode):
Package hyperref Warning: Token not allowed in a PDF string (Unicode):
Package hyperref Warning: Token not allowed in a PDF string (Unicode):
Package hyperref Warning: Token not allowed in a PDF string (Unicode):
Package hyperref Warning: Token not allowed in a PDF string (Unicode):
Package hyperref Warning: Token not allowed in a PDF string (Unicode):
Package hyperref Warning: Token not allowed in a PDF string (Unicode):
Package hyperref Warning: Token not allowed in a PDF string (Unicode):
Package hyperref Warning: Token not allowed in a PDF string (Unicode):
Package hyperref Warning: Token not allowed in a PDF string (Unicode):
Package hyperref Warning: Token not allowed in a PDF string (Unicode):
Package hyperref Warning: Token not allowed in a PDF string (Unicode):
Package hyperref Warning: Token not allowed in a PDF string (Unicode):
Package hyperref Warning: Token not allowed in a PDF string (Unicode):
Package hyperref Warning: Token not allowed in a PDF string (Unicode):
Package hyperref Warning: Token not allowed in a PDF string (Unicode):
Package hyperref Warning: Token not allowed in a PDF string (Unicode):
Package hyperref Warning: Token not allowed in a PDF string (Unicode):
Package hyperref Warning: Token not allowed in a PDF string (Unicode):
Package hyperref Warning: Token not allowed in a PDF string (Unicode):
Package hyperref Warning: Token not allowed in a PDF string (Unicode):
Package hyperref Warning: Token not allowed in a PDF string (Unicode):
Package hyperref Warning: Token not allowed in a PDF string (Unicode):
Package hyperref Warning: Token not allowed in a PDF string (Unicode):
Package hyperref Warning: Token not allowed in a PDF string (Unicode):
Package hyperref Warning: Token not allowed in a PDF string (Unicode):
Package hyperref Warning: Token not allowed in a PDF string (Unicode):
Package hyperref Warning: Token not allowed in a PDF string (Unicode):
Package hyperref Warning: Token not allowed in a PDF string (Unicode):
Package hyperref Warning: Token not allowed in a PDF string (Unicode):
Package hyperref Warning: Token not allowed in a PDF string (Unicode):
Package hyperref Warning: Token not allowed in a PDF string (Unicode):
Package hyperref Warning: Token not allowed in a PDF string (Unicode):
Package hyperref Warning: Token not allowed in a PDF string (Unicode):
Package hyperref Warning: Token not allowed in a PDF string (Unicode):
Package hyperref Warning: Token not allowed in a PDF string (Unicode):
Package hyperref Warning: Token not allowed in a PDF string (Unicode):
Package hyperref Warning: Token not allowed in a PDF string (Unicode):
Package hyperref Warning: Token not allowed in a PDF string (Unicode):
Package hyperref Warning: Token not allowed in a PDF string (Unicode):
Package hyperref Warning: Token not allowed in a PDF string (Unicode):
Package hyperref Warning: Token not allowed in a PDF string (Unicode):
Package hyperref Warning: Token not allowed in a PDF string (Unicode):
Package hyperref Warning: Token not allowed in a PDF string (Unicode):
Package hyperref Warning: Token not allowed in a PDF string (Unicode):
Package hyperref Warning: Token not allowed in a PDF string (Unicode):
Package hyperref Warning: Token not allowed in a PDF string (Unicode):
Package hyperref Warning: Token not allowed in a PDF string (Unicode):
Package hyperref Warning: Token not allowed in a PDF string (Unicode):
Package hyperref Warning: Token not allowed in a PDF string (Unicode):
Package hyperref Warning: Token not allowed in a PDF string (Unicode):
Package hyperref Warning: Token not allowed in a PDF string (Unicode):
Package hyperref Warning: Token not allowed in a PDF string (Unicode):
Package hyperref Warning: Token not allowed in a PDF string (Unicode):
Package hyperref Warning: Token not allowed in a PDF string (Unicode):
Package hyperref Warning: Token not allowed in a PDF string (Unicode):
Package hyperref Warning: Token not allowed in a PDF string (Unicode):
Package hyperref Warning: Token not allowed in a PDF string (Unicode):
Package hyperref Warning: Token not allowed in a PDF string (Unicode):
Package hyperref Warning: Token not allowed in a PDF string (Unicode):
Package hyperref Warning: Token not allowed in a PDF string (Unicode):
Package hyperref Warning: Token not allowed in a PDF string (Unicode):
Package hyperref Warning: Token not allowed in a PDF string (Unicode):
Package hyperref Warning: Token not allowed in a PDF string (Unicode):
Package hyperref Warning: Token not allowed in a PDF string (Unicode):
Package hyperref Warning: Token not allowed in a PDF string (Unicode):
Package hyperref Warning: Token not allowed in a PDF string (Unicode):
Package hyperref Warning: Token not allowed in a PDF string (Unicode):
Package hyperref Warning: Token not allowed in a PDF string (Unicode):
Package hyperref Warning: Token not allowed in a PDF string (Unicode):
Package hyperref Warning: Token not allowed in a PDF string (Unicode):
Package hyperref Warning: Token not allowed in a PDF string (Unicode):
Package hyperref Warning: Token not allowed in a PDF string (Unicode):
Package hyperref Warning: Token not allowed in a PDF string (Unicode):
Package hyperref Warning: Token not allowed in a PDF string (Unicode):
Package hyperref Warning: Token not allowed in a PDF string (Unicode):
Package hyperref Warning: Token not allowed in a PDF string (Unicode):
Package hyperref Warning: Token not allowed in a PDF string (Unicode):
Package hyperref Warning: Token not allowed in a PDF string (Unicode):
Package hyperref Warning: Token not allowed in a PDF string (Unicode):
Package hyperref Warning: Token not allowed in a PDF string (Unicode):
Package hyperref Warning: Token not allowed in a PDF string (Unicode):
Package hyperref Warning: Token not allowed in a PDF string (Unicode):
Package hyperref Warning: Token not allowed in a PDF string (Unicode):
Package hyperref Warning: Token not allowed in a PDF string (Unicode):
Package hyperref Warning: Token not allowed in a PDF string (Unicode):
Package hyperref Warning: Token not allowed in a PDF string (Unicode):
Package hyperref Warning: Token not allowed in a PDF string (Unicode):
Package hyperref Warning: Token not allowed in a PDF string (Unicode):
Package hyperref Warning: Token not allowed in a PDF string (Unicode):
Package hyperref Warning: Token not allowed in a PDF string (Unicode):
Package hyperref Warning: Token not allowed in a PDF string (Unicode):
Package hyperref Warning: Token not allowed in a PDF string (Unicode):
Package hyperref Warning: Token not allowed in a PDF string (Unicode):
Package hyperref Warning: Token not allowed in a PDF string (Unicode):
Package hyperref Warning: Token not allowed in a PDF string (Unicode):
Package hyperref Warning: Token not allowed in a PDF string (Unicode):
Package hyperref Warning: Token not allowed in a PDF string (Unicode):
Package hyperref Warning: Token not allowed in a PDF string (Unicode):
Package hyperref Warning: Token not allowed in a PDF string (Unicode):
Package hyperref Warning: Token not allowed in a PDF string (Unicode):
Package hyperref Warning: Token not allowed in a PDF string (Unicode):
Package hyperref Warning: Token not allowed in a PDF string (Unicode):
Package hyperref Warning: Token not allowed in a PDF string (Unicode):
Package hyperref Warning: Token not allowed in a PDF string (Unicode):
Package hyperref Warning: Token not allowed in a PDF string (Unicode):
Package hyperref Warning: Token not allowed in a PDF string (Unicode):
Package hyperref Warning: Token not allowed in a PDF string (Unicode):
Package hyperref Warning: Token not allowed in a PDF string (Unicode):
Package hyperref Warning: Token not allowed in a PDF string (Unicode):
Package hyperref Warning: Token not allowed in a PDF string (Unicode):
Package hyperref Warning: Token not allowed in a PDF string (Unicode):
Package hyperref Warning: Token not allowed in a PDF string (Unicode):
Package hyperref Warning: Token not allowed in a PDF string (Unicode):
Package hyperref Warning: Token not allowed in a PDF string (Unicode):
Package hyperref Warning: Token not allowed in a PDF string (Unicode):
Package hyperref Warning: Token not allowed in a PDF string (Unicode):
Package hyperref Warning: Token not allowed in a PDF string (Unicode):
Package hyperref Warning: Token not allowed in a PDF string (Unicode):
Package hyperref Warning: Token not allowed in a PDF string (Unicode):
Package hyperref Warning: Token not allowed in a PDF string (Unicode):
Package hyperref Warning: Token not allowed in a PDF string (Unicode):
Package hyperref Warning: Token not allowed in a PDF string (Unicode):
Package hyperref Warning: Token not allowed in a PDF string (Unicode):
Package hyperref Warning: Token not allowed in a PDF string (Unicode):
Package hyperref Warning: Token not allowed in a PDF string (Unicode):
Package hyperref Warning: Token not allowed in a PDF string (Unicode):
Package hyperref Warning: Token not allowed in a PDF string (Unicode):
Package hyperref Warning: Token not allowed in a PDF string (Unicode):
Package hyperref Warning: Token not allowed in a PDF string (Unicode):
Package hyperref Warning: Token not allowed in a PDF string (Unicode):
Package hyperref Warning: Token not allowed in a PDF string (Unicode):
Package hyperref Warning: Token not allowed in a PDF string (Unicode):
Package hyperref Warning: Token not allowed in a PDF string (Unicode):
Package hyperref Warning: Token not allowed in a PDF string (Unicode):
Package hyperref Warning: Token not allowed in a PDF string (Unicode):
Package hyperref Warning: Token not allowed in a PDF string (Unicode):
Package hyperref Warning: Token not allowed in a PDF string (Unicode):
Package hyperref Warning: Token not allowed in a PDF string (Unicode):
Package hyperref Warning: Token not allowed in a PDF string (Unicode):
Package hyperref Warning: Token not allowed in a PDF string (Unicode):
Package hyperref Warning: Token not allowed in a PDF string (Unicode):
Package hyperref Warning: Token not allowed in a PDF string (Unicode):
Package hyperref Warning: Token not allowed in a PDF string (Unicode):
Package hyperref Warning: Token not allowed in a PDF string (Unicode):
Package hyperref Warning: Token not allowed in a PDF string (Unicode):
Package hyperref Warning: Token not allowed in a PDF string (Unicode):
Package hyperref Warning: Token not allowed in a PDF string (Unicode):
Package hyperref Warning: Token not allowed in a PDF string (Unicode):
Package hyperref Warning: Token not allowed in a PDF string (Unicode):
Package hyperref Warning: Token not allowed in a PDF string (Unicode):
Package hyperref Warning: Token not allowed in a PDF string (Unicode):
Package hyperref Warning: Token not allowed in a PDF string (Unicode):
Package hyperref Warning: Token not allowed in a PDF string (Unicode):
Package hyperref Warning: Token not allowed in a PDF string (Unicode):
Package hyperref Warning: Token not allowed in a PDF string (Unicode):
Package hyperref Warning: Token not allowed in a PDF string (Unicode):
Package hyperref Warning: Token not allowed in a PDF string (Unicode):
Package hyperref Warning: Token not allowed in a PDF string (Unicode):
Package hyperref Warning: Token not allowed in a PDF string (Unicode):
Package hyperref Warning: Token not allowed in a PDF string (Unicode):
Package hyperref Warning: Token not allowed in a PDF string (Unicode):
Package hyperref Warning: Token not allowed in a PDF string (Unicode):
Package hyperref Warning: Token not allowed in a PDF string (Unicode):
Package hyperref Warning: Token not allowed in a PDF string (Unicode):
Package hyperref Warning: Token not allowed in a PDF string (Unicode):
Package hyperref Warning: Token not allowed in a PDF string (Unicode):
Package hyperref Warning: Token not allowed in a PDF string (Unicode):
Package hyperref Warning: Token not allowed in a PDF string (Unicode):
Package hyperref Warning: Token not allowed in a PDF string (Unicode):
Package hyperref Warning: Token not allowed in a PDF string (Unicode):
Package hyperref Warning: Token not allowed in a PDF string (Unicode):
Package hyperref Warning: Token not allowed in a PDF string (Unicode):
Package hyperref Warning: Token not allowed in a PDF string (Unicode):
Package hyperref Warning: Token not allowed in a PDF string (Unicode):
Package hyperref Warning: Token not allowed in a PDF string (Unicode):
Package hyperref Warning: Token not allowed in a PDF string (Unicode):
Package hyperref Warning: Token not allowed in a PDF string (Unicode):
Package hyperref Warning: Token not allowed in a PDF string (Unicode):
Package hyperref Warning: Token not allowed in a PDF string (Unicode):
Package hyperref Warning: Token not allowed in a PDF string (Unicode):
Package hyperref Warning: Token not allowed in a PDF string (Unicode):
Package hyperref Warning: Token not allowed in a PDF string (Unicode):
Package hyperref Warning: Token not allowed in a PDF string (Unicode):
Package hyperref Warning: Token not allowed in a PDF string (Unicode):
Package hyperref Warning: Token not allowed in a PDF string (Unicode):
Package hyperref Warning: Token not allowed in a PDF string (Unicode):
Package hyperref Warning: Token not allowed in a PDF string (Unicode):
Package hyperref Warning: Token not allowed in a PDF string (Unicode):
Package hyperref Warning: Token not allowed in a PDF string (Unicode):
Package hyperref Warning: Token not allowed in a PDF string (Unicode):
Package hyperref Warning: Token not allowed in a PDF string (Unicode):
Package hyperref Warning: Token not allowed in a PDF string (Unicode):
Package hyperref Warning: Token not allowed in a PDF string (Unicode):
Package hyperref Warning: Token not allowed in a PDF string (Unicode):
Package hyperref Warning: Token not allowed in a PDF string (Unicode):
Package hyperref Warning: Token not allowed in a PDF string (Unicode):
Package hyperref Warning: Token not allowed in a PDF string (Unicode):
Package hyperref Warning: Token not allowed in a PDF string (Unicode):
Package hyperref Warning: Token not allowed in a PDF string (Unicode):
Package hyperref Warning: Token not allowed in a PDF string (Unicode):
Package hyperref Warning: Token not allowed in a PDF string (Unicode):
Package hyperref Warning: Token not allowed in a PDF string (Unicode):
Package hyperref Warning: Token not allowed in a PDF string (Unicode):
Package hyperref Warning: Token not allowed in a PDF string (Unicode):
Package hyperref Warning: Token not allowed in a PDF string (Unicode):
Package hyperref Warning: Token not allowed in a PDF string (Unicode):
Package hyperref Warning: Token not allowed in a PDF string (Unicode):
Package hyperref Warning: Token not allowed in a PDF string (Unicode):
Package hyperref Warning: Token not allowed in a PDF string (Unicode):
Package hyperref Warning: Token not allowed in a PDF string (Unicode):
Package hyperref Warning: Token not allowed in a PDF string (Unicode):
Package hyperref Warning: Token not allowed in a PDF string (Unicode):
Package hyperref Warning: Token not allowed in a PDF string (Unicode):
Package hyperref Warning: Token not allowed in a PDF string (Unicode):
Package hyperref Warning: Token not allowed in a PDF string (Unicode):
Package hyperref Warning: Token not allowed in a PDF string (Unicode):
Package hyperref Warning: Token not allowed in a PDF string (Unicode):
Package hyperref Warning: Token not allowed in a PDF string (Unicode):
Package hyperref Warning: Token not allowed in a PDF string (Unicode):
Package hyperref Warning: Token not allowed in a PDF string (Unicode):
Package hyperref Warning: Token not allowed in a PDF string (Unicode):
Package hyperref Warning: Token not allowed in a PDF string (Unicode):
Package hyperref Warning: Token not allowed in a PDF string (Unicode):
Package hyperref Warning: Token not allowed in a PDF string (Unicode):
Package hyperref Warning: Token not allowed in a PDF string (Unicode):
Package hyperref Warning: Token not allowed in a PDF string (Unicode):
Package hyperref Warning: Token not allowed in a PDF string (Unicode):
Package hyperref Warning: Token not allowed in a PDF string (Unicode):
Package hyperref Warning: Token not allowed in a PDF string (Unicode):
Package hyperref Warning: Token not allowed in a PDF string (Unicode):
Package hyperref Warning: Token not allowed in a PDF string (Unicode):
Package hyperref Warning: Token not allowed in a PDF string (Unicode):
Package hyperref Warning: Token not allowed in a PDF string (Unicode):
Package hyperref Warning: Token not allowed in a PDF string (Unicode):
Package hyperref Warning: Token not allowed in a PDF string (Unicode):
Package hyperref Warning: Token not allowed in a PDF string (Unicode):
Package hyperref Warning: Token not allowed in a PDF string (Unicode):
Package hyperref Warning: Token not allowed in a PDF string (Unicode):
Package hyperref Warning: Token not allowed in a PDF string (Unicode):
Package hyperref Warning: Token not allowed in a PDF string (Unicode):
Package hyperref Warning: Token not allowed in a PDF string (Unicode):
Package hyperref Warning: Token not allowed in a PDF string (Unicode):
Package hyperref Warning: Token not allowed in a PDF string (Unicode):
Package hyperref Warning: Token not allowed in a PDF string (Unicode):
Package hyperref Warning: Token not allowed in a PDF string (Unicode):
Package hyperref Warning: Token not allowed in a PDF string (Unicode):
Package hyperref Warning: Token not allowed in a PDF string (Unicode):
Package hyperref Warning: Token not allowed in a PDF string (Unicode):
Package hyperref Warning: Token not allowed in a PDF string (Unicode):
Package hyperref Warning: Token not allowed in a PDF string (Unicode):
Package hyperref Warning: Token not allowed in a PDF string (Unicode):
Package hyperref Warning: Token not allowed in a PDF string (Unicode):
Package hyperref Warning: Token not allowed in a PDF string (Unicode):
Package hyperref Warning: Token not allowed in a PDF string (Unicode):
Package hyperref Warning: Token not allowed in a PDF string (Unicode):
Package hyperref Warning: Token not allowed in a PDF string (Unicode):
Package hyperref Warning: Token not allowed in a PDF string (Unicode):
Package hyperref Warning: Token not allowed in a PDF string (Unicode):
Package hyperref Warning: Token not allowed in a PDF string (Unicode):
Package hyperref Warning: Token not allowed in a PDF string (Unicode):
Package hyperref Warning: Token not allowed in a PDF string (Unicode):
Package hyperref Warning: Token not allowed in a PDF string (Unicode):
Package hyperref Warning: Token not allowed in a PDF string (Unicode):
Package hyperref Warning: Token not allowed in a PDF string (Unicode):
Package hyperref Warning: Token not allowed in a PDF string (Unicode):
Package hyperref Warning: Token not allowed in a PDF string (Unicode):
Package hyperref Warning: Token not allowed in a PDF string (Unicode):
Package hyperref Warning: Token not allowed in a PDF string (Unicode):
Package hyperref Warning: Token not allowed in a PDF string (Unicode):
Package hyperref Warning: Token not allowed in a PDF string (Unicode):
Package hyperref Warning: Token not allowed in a PDF string (Unicode):
Package hyperref Warning: Token not allowed in a PDF string (Unicode):
Package hyperref Warning: Token not allowed in a PDF string (Unicode):
Package hyperref Warning: Token not allowed in a PDF string (Unicode):
Package hyperref Warning: Token not allowed in a PDF string (Unicode):
Package hyperref Warning: Token not allowed in a PDF string (Unicode):
Package hyperref Warning: Token not allowed in a PDF string (Unicode):
Package hyperref Warning: Token not allowed in a PDF string (Unicode):
Package hyperref Warning: Token not allowed in a PDF string (Unicode):
Package hyperref Warning: Token not allowed in a PDF string (Unicode):
Package hyperref Warning: Token not allowed in a PDF string (Unicode):
Package hyperref Warning: Token not allowed in a PDF string (Unicode):
Package hyperref Warning: Token not allowed in a PDF string (Unicode):
Package hyperref Warning: Token not allowed in a PDF string (Unicode):
Package hyperref Warning: Token not allowed in a PDF string (Unicode):
Package hyperref Warning: Token not allowed in a PDF string (Unicode):
Package hyperref Warning: Token not allowed in a PDF string (Unicode):
Package hyperref Warning: Token not allowed in a PDF string (Unicode):
Package hyperref Warning: Token not allowed in a PDF string (Unicode):
Package hyperref Warning: Token not allowed in a PDF string (Unicode):
Package hyperref Warning: Token not allowed in a PDF string (Unicode):
Package hyperref Warning: Token not allowed in a PDF string (Unicode):
Package hyperref Warning: Token not allowed in a PDF string (Unicode):
Package hyperref Warning: Token not allowed in a PDF string (Unicode):
Package hyperref Warning: Token not allowed in a PDF string (Unicode):
Package hyperref Warning: Token not allowed in a PDF string (Unicode):
Package hyperref Warning: Token not allowed in a PDF string (Unicode):
Package hyperref Warning: Token not allowed in a PDF string (Unicode):
Package hyperref Warning: Token not allowed in a PDF string (Unicode):
Package hyperref Warning: Token not allowed in a PDF string (Unicode):
Package hyperref Warning: Token not allowed in a PDF string (Unicode):
Package hyperref Warning: Token not allowed in a PDF string (Unicode):
Package hyperref Warning: Token not allowed in a PDF string (Unicode):
Package hyperref Warning: Token not allowed in a PDF string (Unicode):
Package hyperref Warning: Token not allowed in a PDF string (Unicode):
Package hyperref Warning: Token not allowed in a PDF string (Unicode):
Package hyperref Warning: Token not allowed in a PDF string (Unicode):
Package hyperref Warning: Token not allowed in a PDF string (Unicode):
Package hyperref Warning: Token not allowed in a PDF string (Unicode):
Package hyperref Warning: Token not allowed in a PDF string (Unicode):
Package hyperref Warning: Token not allowed in a PDF string (Unicode):
Package hyperref Warning: Token not allowed in a PDF string (Unicode):
Package hyperref Warning: Token not allowed in a PDF string (Unicode):
Package hyperref Warning: Token not allowed in a PDF string (Unicode):
Package hyperref Warning: Token not allowed in a PDF string (Unicode):
Package hyperref Warning: Token not allowed in a PDF string (Unicode):
Package hyperref Warning: Token not allowed in a PDF string (Unicode):
Package hyperref Warning: Token not allowed in a PDF string (Unicode):
Package hyperref Warning: Token not allowed in a PDF string (Unicode):
Package hyperref Warning: Token not allowed in a PDF string (Unicode):
Package hyperref Warning: Token not allowed in a PDF string (Unicode):
Package hyperref Warning: Token not allowed in a PDF string (Unicode):
Package hyperref Warning: Token not allowed in a PDF string (Unicode):
Package hyperref Warning: Token not allowed in a PDF string (Unicode):
Package hyperref Warning: Token not allowed in a PDF string (Unicode):
Package hyperref Warning: Token not allowed in a PDF string (Unicode):
Package hyperref Warning: Token not allowed in a PDF string (Unicode):
Package hyperref Warning: Token not allowed in a PDF string (Unicode):
Package hyperref Warning: Token not allowed in a PDF string (Unicode):
Package hyperref Warning: Token not allowed in a PDF string (Unicode):
Package hyperref Warning: Token not allowed in a PDF string (Unicode):
Package hyperref Warning: Token not allowed in a PDF string (Unicode):
Package hyperref Warning: Token not allowed in a PDF string (Unicode):
Package hyperref Warning: Token not allowed in a PDF string (Unicode):
Package hyperref Warning: Token not allowed in a PDF string (Unicode):
Package hyperref Warning: Token not allowed in a PDF string (Unicode):
Package hyperref Warning: Token not allowed in a PDF string (Unicode):
Package hyperref Warning: Token not allowed in a PDF string (Unicode):
Package hyperref Warning: Token not allowed in a PDF string (Unicode):
Package hyperref Warning: Token not allowed in a PDF string (Unicode):
Package hyperref Warning: Token not allowed in a PDF string (Unicode):
Package hyperref Warning: Token not allowed in a PDF string (Unicode):
Package hyperref Warning: Token not allowed in a PDF string (Unicode):
Package hyperref Warning: Token not allowed in a PDF string (Unicode):
Package hyperref Warning: Token not allowed in a PDF string (Unicode):
Package hyperref Warning: Token not allowed in a PDF string (Unicode):
Package hyperref Warning: Token not allowed in a PDF string (Unicode):
Package hyperref Warning: Token not allowed in a PDF string (Unicode):
Package hyperref Warning: Token not allowed in a PDF string (Unicode):
Package hyperref Warning: Token not allowed in a PDF string (Unicode):
Package hyperref Warning: Token not allowed in a PDF string (Unicode):
Package hyperref Warning: Token not allowed in a PDF string (Unicode):
Package hyperref Warning: Token not allowed in a PDF string (Unicode):
Package hyperref Warning: Token not allowed in a PDF string (Unicode):
Package hyperref Warning: Token not allowed in a PDF string (Unicode):
Package hyperref Warning: Token not allowed in a PDF string (Unicode):
Package hyperref Warning: Token not allowed in a PDF string (Unicode):
Package hyperref Warning: Token not allowed in a PDF string (Unicode):
Package hyperref Warning: Token not allowed in a PDF string (Unicode):
Package hyperref Warning: Token not allowed in a PDF string (Unicode):
Package hyperref Warning: Token not allowed in a PDF string (Unicode):
Package hyperref Warning: Token not allowed in a PDF string (Unicode):
Package hyperref Warning: Token not allowed in a PDF string (Unicode):
Package hyperref Warning: Token not allowed in a PDF string (Unicode):
Package hyperref Warning: Token not allowed in a PDF string (Unicode):
Package hyperref Warning: Token not allowed in a PDF string (Unicode):
Package hyperref Warning: Token not allowed in a PDF string (Unicode):
Package hyperref Warning: Token not allowed in a PDF string (Unicode):
Package hyperref Warning: Token not allowed in a PDF string (Unicode):
Package hyperref Warning: Token not allowed in a PDF string (Unicode):
Package hyperref Warning: Token not allowed in a PDF string (Unicode):
Package hyperref Warning: Token not allowed in a PDF string (Unicode):
Package hyperref Warning: Token not allowed in a PDF string (Unicode):
Package hyperref Warning: Token not allowed in a PDF string (Unicode):
Package hyperref Warning: Token not allowed in a PDF string (Unicode):
Package hyperref Warning: Token not allowed in a PDF string (Unicode):
Package hyperref Warning: Token not allowed in a PDF string (Unicode):
Package hyperref Warning: Token not allowed in a PDF string (Unicode):
Package hyperref Warning: Token not allowed in a PDF string (Unicode):
Package hyperref Warning: Token not allowed in a PDF string (Unicode):
Package hyperref Warning: Token not allowed in a PDF string (Unicode):
Package hyperref Warning: Token not allowed in a PDF string (Unicode):
Package hyperref Warning: Token not allowed in a PDF string (Unicode):
Package hyperref Warning: Token not allowed in a PDF string (Unicode):
Package hyperref Warning: Token not allowed in a PDF string (Unicode):
Package hyperref Warning: Token not allowed in a PDF string (Unicode):
Package hyperref Warning: Token not allowed in a PDF string (Unicode):
Package hyperref Warning: Token not allowed in a PDF string (Unicode):
Package hyperref Warning: Token not allowed in a PDF string (Unicode):
Package hyperref Warning: Token not allowed in a PDF string (Unicode):
LaTeX Warning: Label(s) may have changed. Rerun to get cross-references right.
Output written on main.pdf (290 pages).

📝 التجميع الثاني (Second compilation for TOC)...
Package fontspec Warning: Ignored LuaTeX-only feature:
Package hyperref Warning: Token not allowed in a PDF string (Unicode):
Package hyperref Warning: Token not allowed in a PDF string (Unicode):
Package hyperref Warning: Token not allowed in a PDF string (Unicode):
Package hyperref Warning: Token not allowed in a PDF string (Unicode):
Package hyperref Warning: Token not allowed in a PDF string (Unicode):
Package hyperref Warning: Token not allowed in a PDF string (Unicode):
Package hyperref Warning: Token not allowed in a PDF string (Unicode):
Package hyperref Warning: Token not allowed in a PDF string (Unicode):
Package hyperref Warning: Token not allowed in a PDF string (Unicode):
Package hyperref Warning: Token not allowed in a PDF string (Unicode):
Package hyperref Warning: Token not allowed in a PDF string (Unicode):
Package hyperref Warning: Token not allowed in a PDF string (Unicode):
Package hyperref Warning: Token not allowed in a PDF string (Unicode):
Package hyperref Warning: Token not allowed in a PDF string (Unicode):
Package hyperref Warning: Token not allowed in a PDF string (Unicode):
Package hyperref Warning: Token not allowed in a PDF string (Unicode):
Package hyperref Warning: Token not allowed in a PDF string (Unicode):
Package hyperref Warning: Token not allowed in a PDF string (Unicode):
Package hyperref Warning: Token not allowed in a PDF string (Unicode):
Package hyperref Warning: Token not allowed in a PDF string (Unicode):
Package hyperref Warning: Token not allowed in a PDF string (Unicode):
Package hyperref Warning: Token not allowed in a PDF string (Unicode):
Package hyperref Warning: Token not allowed in a PDF string (Unicode):
Package hyperref Warning: Token not allowed in a PDF string (Unicode):
Package hyperref Warning: Token not allowed in a PDF string (Unicode):
Package hyperref Warning: Token not allowed in a PDF string (Unicode):
Package hyperref Warning: Token not allowed in a PDF string (Unicode):
Package hyperref Warning: Token not allowed in a PDF string (Unicode):
Package hyperref Warning: Token not allowed in a PDF string (Unicode):
Package hyperref Warning: Token not allowed in a PDF string (Unicode):
Package hyperref Warning: Token not allowed in a PDF string (Unicode):
Package hyperref Warning: Token not allowed in a PDF string (Unicode):
Package hyperref Warning: Token not allowed in a PDF string (Unicode):
Package hyperref Warning: Token not allowed in a PDF string (Unicode):
Package hyperref Warning: Token not allowed in a PDF string (Unicode):
Package hyperref Warning: Token not allowed in a PDF string (Unicode):
Package hyperref Warning: Token not allowed in a PDF string (Unicode):
Package hyperref Warning: Token not allowed in a PDF string (Unicode):
Package hyperref Warning: Token not allowed in a PDF string (Unicode):
Package hyperref Warning: Token not allowed in a PDF string (Unicode):
Package hyperref Warning: Token not allowed in a PDF string (Unicode):
Package hyperref Warning: Token not allowed in a PDF string (Unicode):
Package hyperref Warning: Token not allowed in a PDF string (Unicode):
Package hyperref Warning: Token not allowed in a PDF string (Unicode):
Package hyperref Warning: Token not allowed in a PDF string (Unicode):
Package hyperref Warning: Token not allowed in a PDF string (Unicode):
Package hyperref Warning: Token not allowed in a PDF string (Unicode):
Package hyperref Warning: Token not allowed in a PDF string (Unicode):
Package hyperref Warning: Token not allowed in a PDF string (Unicode):
Package hyperref Warning: Token not allowed in a PDF string (Unicode):
Package hyperref Warning: Token not allowed in a PDF string (Unicode):
Package hyperref Warning: Token not allowed in a PDF string (Unicode):
Package hyperref Warning: Token not allowed in a PDF string (Unicode):
Package hyperref Warning: Token not allowed in a PDF string (Unicode):
Package hyperref Warning: Token not allowed in a PDF string (Unicode):
Package hyperref Warning: Token not allowed in a PDF string (Unicode):
Package hyperref Warning: Token not allowed in a PDF string (Unicode):
Package hyperref Warning: Token not allowed in a PDF string (Unicode):
Package hyperref Warning: Token not allowed in a PDF string (Unicode):
Package hyperref Warning: Token not allowed in a PDF string (Unicode):
Package hyperref Warning: Token not allowed in a PDF string (Unicode):
Package hyperref Warning: Token not allowed in a PDF string (Unicode):
Package hyperref Warning: Token not allowed in a PDF string (Unicode):
Package hyperref Warning: Token not allowed in a PDF string (Unicode):
Package hyperref Warning: Token not allowed in a PDF string (Unicode):
Package hyperref Warning: Token not allowed in a PDF string (Unicode):
Package hyperref Warning: Token not allowed in a PDF string (Unicode):
Package hyperref Warning: Token not allowed in a PDF string (Unicode):
Package hyperref Warning: Token not allowed in a PDF string (Unicode):
Package hyperref Warning: Token not allowed in a PDF string (Unicode):
Package hyperref Warning: Token not allowed in a PDF string (Unicode):
Package hyperref Warning: Token not allowed in a PDF string (Unicode):
Package hyperref Warning: Token not allowed in a PDF string (Unicode):
Package hyperref Warning: Token not allowed in a PDF string (Unicode):
Package hyperref Warning: Token not allowed in a PDF string (Unicode):
Package hyperref Warning: Token not allowed in a PDF string (Unicode):
Package hyperref Warning: Token not allowed in a PDF string (Unicode):
Package hyperref Warning: Token not allowed in a PDF string (Unicode):
Package hyperref Warning: Token not allowed in a PDF string (Unicode):
Package hyperref Warning: Token not allowed in a PDF string (Unicode):
Package hyperref Warning: Token not allowed in a PDF string (Unicode):
Package hyperref Warning: Token not allowed in a PDF string (Unicode):
Package hyperref Warning: Token not allowed in a PDF string (Unicode):
Package hyperref Warning: Token not allowed in a PDF string (Unicode):
Package hyperref Warning: Token not allowed in a PDF string (Unicode):
Package hyperref Warning: Token not allowed in a PDF string (Unicode):
Package hyperref Warning: Token not allowed in a PDF string (Unicode):
Package hyperref Warning: Token not allowed in a PDF string (Unicode):
Package hyperref Warning: Token not allowed in a PDF string (Unicode):
Package hyperref Warning: Token not allowed in a PDF string (Unicode):
Package hyperref Warning: Token not allowed in a PDF string (Unicode):
Package hyperref Warning: Token not allowed in a PDF string (Unicode):
Package hyperref Warning: Token not allowed in a PDF string (Unicode):
Package hyperref Warning: Token not allowed in a PDF string (Unicode):
Package hyperref Warning: Token not allowed in a PDF string (Unicode):
Package hyperref Warning: Token not allowed in a PDF string (Unicode):
Package hyperref Warning: Token not allowed in a PDF string (Unicode):
Package hyperref Warning: Token not allowed in a PDF string (Unicode):
Package hyperref Warning: Token not allowed in a PDF string (Unicode):
Package hyperref Warning: Token not allowed in a PDF string (Unicode):
Package hyperref Warning: Token not allowed in a PDF string (Unicode):
Package hyperref Warning: Token not allowed in a PDF string (Unicode):
Package hyperref Warning: Token not allowed in a PDF string (Unicode):
Package hyperref Warning: Token not allowed in a PDF string (Unicode):
Package hyperref Warning: Token not allowed in a PDF string (Unicode):
Package hyperref Warning: Token not allowed in a PDF string (Unicode):
Package hyperref Warning: Token not allowed in a PDF string (Unicode):
Package hyperref Warning: Token not allowed in a PDF string (Unicode):
Package hyperref Warning: Token not allowed in a PDF string (Unicode):
Package hyperref Warning: Token not allowed in a PDF string (Unicode):
Package hyperref Warning: Token not allowed in a PDF string (Unicode):
Package hyperref Warning: Token not allowed in a PDF string (Unicode):
Package hyperref Warning: Token not allowed in a PDF string (Unicode):
Package hyperref Warning: Token not allowed in a PDF string (Unicode):
Package hyperref Warning: Token not allowed in a PDF string (Unicode):
Package hyperref Warning: Token not allowed in a PDF string (Unicode):
Package hyperref Warning: Token not allowed in a PDF string (Unicode):
Package hyperref Warning: Token not allowed in a PDF string (Unicode):
Package hyperref Warning: Token not allowed in a PDF string (Unicode):
Package hyperref Warning: Token not allowed in a PDF string (Unicode):
Package hyperref Warning: Token not allowed in a PDF string (Unicode):
Package hyperref Warning: Token not allowed in a PDF string (Unicode):
Package hyperref Warning: Token not allowed in a PDF string (Unicode):
Package hyperref Warning: Token not allowed in a PDF string (Unicode):
Package hyperref Warning: Token not allowed in a PDF string (Unicode):
Package hyperref Warning: Token not allowed in a PDF string (Unicode):
Package hyperref Warning: Token not allowed in a PDF string (Unicode):
Package hyperref Warning: Token not allowed in a PDF string (Unicode):
Package hyperref Warning: Token not allowed in a PDF string (Unicode):
Package hyperref Warning: Token not allowed in a PDF string (Unicode):
Package hyperref Warning: Token not allowed in a PDF string (Unicode):
Package hyperref Warning: Token not allowed in a PDF string (Unicode):
Package hyperref Warning: Token not allowed in a PDF string (Unicode):
Package hyperref Warning: Token not allowed in a PDF string (Unicode):
Package hyperref Warning: Token not allowed in a PDF string (Unicode):
Package hyperref Warning: Token not allowed in a PDF string (Unicode):
Package hyperref Warning: Token not allowed in a PDF string (Unicode):
Package hyperref Warning: Token not allowed in a PDF string (Unicode):
Package hyperref Warning: Token not allowed in a PDF string (Unicode):
Package hyperref Warning: Token not allowed in a PDF string (Unicode):
Package hyperref Warning: Token not allowed in a PDF string (Unicode):
Package hyperref Warning: Token not allowed in a PDF string (Unicode):
Package hyperref Warning: Token not allowed in a PDF string (Unicode):
Package hyperref Warning: Token not allowed in a PDF string (Unicode):
Package hyperref Warning: Token not allowed in a PDF string (Unicode):
Package hyperref Warning: Token not allowed in a PDF string (Unicode):
Package hyperref Warning: Token not allowed in a PDF string (Unicode):
Package hyperref Warning: Token not allowed in a PDF string (Unicode):
Package hyperref Warning: Token not allowed in a PDF string (Unicode):
Package hyperref Warning: Token not allowed in a PDF string (Unicode):
Package hyperref Warning: Token not allowed in a PDF string (Unicode):
Package hyperref Warning: Token not allowed in a PDF string (Unicode):
Package hyperref Warning: Token not allowed in a PDF string (Unicode):
Package hyperref Warning: Token not allowed in a PDF string (Unicode):
Package hyperref Warning: Token not allowed in a PDF string (Unicode):
Package hyperref Warning: Token not allowed in a PDF string (Unicode):
Package hyperref Warning: Token not allowed in a PDF string (Unicode):
Package hyperref Warning: Token not allowed in a PDF string (Unicode):
Package hyperref Warning: Token not allowed in a PDF string (Unicode):
Package hyperref Warning: Token not allowed in a PDF string (Unicode):
Package hyperref Warning: Token not allowed in a PDF string (Unicode):
Package hyperref Warning: Token not allowed in a PDF string (Unicode):
Package hyperref Warning: Token not allowed in a PDF string (Unicode):
Package hyperref Warning: Token not allowed in a PDF string (Unicode):
Package hyperref Warning: Token not allowed in a PDF string (Unicode):
Package hyperref Warning: Token not allowed in a PDF string (Unicode):
Package hyperref Warning: Token not allowed in a PDF string (Unicode):
Package hyperref Warning: Token not allowed in a PDF string (Unicode):
Package hyperref Warning: Token not allowed in a PDF string (Unicode):
Package hyperref Warning: Token not allowed in a PDF string (Unicode):
Package hyperref Warning: Token not allowed in a PDF string (Unicode):
Package hyperref Warning: Token not allowed in a PDF string (Unicode):
Package hyperref Warning: Token not allowed in a PDF string (Unicode):
Package hyperref Warning: Token not allowed in a PDF string (Unicode):
Package hyperref Warning: Token not allowed in a PDF string (Unicode):
Package hyperref Warning: Token not allowed in a PDF string (Unicode):
Package hyperref Warning: Token not allowed in a PDF string (Unicode):
Package hyperref Warning: Token not allowed in a PDF string (Unicode):
Package hyperref Warning: Token not allowed in a PDF string (Unicode):
Package hyperref Warning: Token not allowed in a PDF string (Unicode):
Package hyperref Warning: Token not allowed in a PDF string (Unicode):
Package hyperref Warning: Token not allowed in a PDF string (Unicode):
Package hyperref Warning: Token not allowed in a PDF string (Unicode):
Package hyperref Warning: Token not allowed in a PDF string (Unicode):
Package hyperref Warning: Token not allowed in a PDF string (Unicode):
Package hyperref Warning: Token not allowed in a PDF string (Unicode):
Package hyperref Warning: Token not allowed in a PDF string (Unicode):
Package hyperref Warning: Token not allowed in a PDF string (Unicode):
Package hyperref Warning: Token not allowed in a PDF string (Unicode):
Package hyperref Warning: Token not allowed in a PDF string (Unicode):
Package hyperref Warning: Token not allowed in a PDF string (Unicode):
Package hyperref Warning: Token not allowed in a PDF string (Unicode):
Package hyperref Warning: Token not allowed in a PDF string (Unicode):
Package hyperref Warning: Token not allowed in a PDF string (Unicode):
Package hyperref Warning: Token not allowed in a PDF string (Unicode):
Package hyperref Warning: Token not allowed in a PDF string (Unicode):
Package hyperref Warning: Token not allowed in a PDF string (Unicode):
Package hyperref Warning: Token not allowed in a PDF string (Unicode):
Package hyperref Warning: Token not allowed in a PDF string (Unicode):
Package hyperref Warning: Token not allowed in a PDF string (Unicode):
Package hyperref Warning: Token not allowed in a PDF string (Unicode):
Package hyperref Warning: Token not allowed in a PDF string (Unicode):
Package hyperref Warning: Token not allowed in a PDF string (Unicode):
Package hyperref Warning: Token not allowed in a PDF string (Unicode):
Package hyperref Warning: Token not allowed in a PDF string (Unicode):
Package hyperref Warning: Token not allowed in a PDF string (Unicode):
Package hyperref Warning: Token not allowed in a PDF string (Unicode):
Package hyperref Warning: Token not allowed in a PDF string (Unicode):
Package hyperref Warning: Token not allowed in a PDF string (Unicode):
Package hyperref Warning: Token not allowed in a PDF string (Unicode):
Package hyperref Warning: Token not allowed in a PDF string (Unicode):
Package hyperref Warning: Token not allowed in a PDF string (Unicode):
Package hyperref Warning: Token not allowed in a PDF string (Unicode):
Package hyperref Warning: Token not allowed in a PDF string (Unicode):
Package hyperref Warning: Token not allowed in a PDF string (Unicode):
Package hyperref Warning: Token not allowed in a PDF string (Unicode):
Package hyperref Warning: Token not allowed in a PDF string (Unicode):
Package hyperref Warning: Token not allowed in a PDF string (Unicode):
Package hyperref Warning: Token not allowed in a PDF string (Unicode):
Package hyperref Warning: Token not allowed in a PDF string (Unicode):
Package hyperref Warning: Token not allowed in a PDF string (Unicode):
Package hyperref Warning: Token not allowed in a PDF string (Unicode):
Package hyperref Warning: Token not allowed in a PDF string (Unicode):
Package hyperref Warning: Token not allowed in a PDF string (Unicode):
Package hyperref Warning: Token not allowed in a PDF string (Unicode):
Package hyperref Warning: Token not allowed in a PDF string (Unicode):
Package hyperref Warning: Token not allowed in a PDF string (Unicode):
Package hyperref Warning: Token not allowed in a PDF string (Unicode):
Package hyperref Warning: Token not allowed in a PDF string (Unicode):
Package hyperref Warning: Token not allowed in a PDF string (Unicode):
Package hyperref Warning: Token not allowed in a PDF string (Unicode):
Package hyperref Warning: Token not allowed in a PDF string (Unicode):
Package hyperref Warning: Token not allowed in a PDF string (Unicode):
Package hyperref Warning: Token not allowed in a PDF string (Unicode):
Package hyperref Warning: Token not allowed in a PDF string (Unicode):
Package hyperref Warning: Token not allowed in a PDF string (Unicode):
Package hyperref Warning: Token not allowed in a PDF string (Unicode):
Package hyperref Warning: Token not allowed in a PDF string (Unicode):
Package hyperref Warning: Token not allowed in a PDF string (Unicode):
Package hyperref Warning: Token not allowed in a PDF string (Unicode):
Package hyperref Warning: Token not allowed in a PDF string (Unicode):
Package hyperref Warning: Token not allowed in a PDF string (Unicode):
Package hyperref Warning: Token not allowed in a PDF string (Unicode):
Package hyperref Warning: Token not allowed in a PDF string (Unicode):
Package hyperref Warning: Token not allowed in a PDF string (Unicode):
Package hyperref Warning: Token not allowed in a PDF string (Unicode):
Package hyperref Warning: Token not allowed in a PDF string (Unicode):
Package hyperref Warning: Token not allowed in a PDF string (Unicode):
Package hyperref Warning: Token not allowed in a PDF string (Unicode):
Package hyperref Warning: Token not allowed in a PDF string (Unicode):
Package hyperref Warning: Token not allowed in a PDF string (Unicode):
Package hyperref Warning: Token not allowed in a PDF string (Unicode):
Package hyperref Warning: Token not allowed in a PDF string (Unicode):
Package hyperref Warning: Token not allowed in a PDF string (Unicode):
Package hyperref Warning: Token not allowed in a PDF string (Unicode):
Package hyperref Warning: Token not allowed in a PDF string (Unicode):
Package hyperref Warning: Token not allowed in a PDF string (Unicode):
Package hyperref Warning: Token not allowed in a PDF string (Unicode):
Package hyperref Warning: Token not allowed in a PDF string (Unicode):
Package hyperref Warning: Token not allowed in a PDF string (Unicode):
Package hyperref Warning: Token not allowed in a PDF string (Unicode):
Package hyperref Warning: Token not allowed in a PDF string (Unicode):
Package hyperref Warning: Token not allowed in a PDF string (Unicode):
Package hyperref Warning: Token not allowed in a PDF string (Unicode):
Package hyperref Warning: Token not allowed in a PDF string (Unicode):
Package hyperref Warning: Token not allowed in a PDF string (Unicode):
Package hyperref Warning: Token not allowed in a PDF string (Unicode):
Package hyperref Warning: Token not allowed in a PDF string (Unicode):
Package hyperref Warning: Token not allowed in a PDF string (Unicode):
Package hyperref Warning: Token not allowed in a PDF string (Unicode):
Package hyperref Warning: Token not allowed in a PDF string (Unicode):
Package hyperref Warning: Token not allowed in a PDF string (Unicode):
Package hyperref Warning: Token not allowed in a PDF string (Unicode):
Package hyperref Warning: Token not allowed in a PDF string (Unicode):
Package hyperref Warning: Token not allowed in a PDF string (Unicode):
Package hyperref Warning: Token not allowed in a PDF string (Unicode):
Package hyperref Warning: Token not allowed in a PDF string (Unicode):
Package hyperref Warning: Token not allowed in a PDF string (Unicode):
Package hyperref Warning: Token not allowed in a PDF string (Unicode):
Package hyperref Warning: Token not allowed in a PDF string (Unicode):
Package hyperref Warning: Token not allowed in a PDF string (Unicode):
Package hyperref Warning: Token not allowed in a PDF string (Unicode):
Package hyperref Warning: Token not allowed in a PDF string (Unicode):
Package hyperref Warning: Token not allowed in a PDF string (Unicode):
Package hyperref Warning: Token not allowed in a PDF string (Unicode):
Package hyperref Warning: Token not allowed in a PDF string (Unicode):
Package hyperref Warning: Token not allowed in a PDF string (Unicode):
Package hyperref Warning: Token not allowed in a PDF string (Unicode):
Package hyperref Warning: Token not allowed in a PDF string (Unicode):
Package hyperref Warning: Token not allowed in a PDF string (Unicode):
Package hyperref Warning: Token not allowed in a PDF string (Unicode):
Package hyperref Warning: Token not allowed in a PDF string (Unicode):
Package hyperref Warning: Token not allowed in a PDF string (Unicode):
Package hyperref Warning: Token not allowed in a PDF string (Unicode):
Package hyperref Warning: Token not allowed in a PDF string (Unicode):
Package hyperref Warning: Token not allowed in a PDF string (Unicode):
Package hyperref Warning: Token not allowed in a PDF string (Unicode):
Package hyperref Warning: Token not allowed in a PDF string (Unicode):
Package hyperref Warning: Token not allowed in a PDF string (Unicode):
Package hyperref Warning: Token not allowed in a PDF string (Unicode):
Package hyperref Warning: Token not allowed in a PDF string (Unicode):
Package hyperref Warning: Token not allowed in a PDF string (Unicode):
Package hyperref Warning: Token not allowed in a PDF string (Unicode):
Package hyperref Warning: Token not allowed in a PDF string (Unicode):
Package hyperref Warning: Token not allowed in a PDF string (Unicode):
Package hyperref Warning: Token not allowed in a PDF string (Unicode):
Package hyperref Warning: Token not allowed in a PDF string (Unicode):
Package hyperref Warning: Token not allowed in a PDF string (Unicode):
Package hyperref Warning: Token not allowed in a PDF string (Unicode):
Package hyperref Warning: Token not allowed in a PDF string (Unicode):
Package hyperref Warning: Token not allowed in a PDF string (Unicode):
Package hyperref Warning: Token not allowed in a PDF string (Unicode):
Package hyperref Warning: Token not allowed in a PDF string (Unicode):
Package hyperref Warning: Token not allowed in a PDF string (Unicode):
Package hyperref Warning: Token not allowed in a PDF string (Unicode):
Package hyperref Warning: Token not allowed in a PDF string (Unicode):
Package hyperref Warning: Token not allowed in a PDF string (Unicode):
Package hyperref Warning: Token not allowed in a PDF string (Unicode):
Package hyperref Warning: Token not allowed in a PDF string (Unicode):
Package hyperref Warning: Token not allowed in a PDF string (Unicode):
Package hyperref Warning: Token not allowed in a PDF string (Unicode):
Package hyperref Warning: Token not allowed in a PDF string (Unicode):
Package hyperref Warning: Token not allowed in a PDF string (Unicode):
Package hyperref Warning: Token not allowed in a PDF string (Unicode):
Package hyperref Warning: Token not allowed in a PDF string (Unicode):
Package hyperref Warning: Token not allowed in a PDF string (Unicode):
Package hyperref Warning: Token not allowed in a PDF string (Unicode):
Package hyperref Warning: Token not allowed in a PDF string (Unicode):
Package hyperref Warning: Token not allowed in a PDF string (Unicode):
Package hyperref Warning: Token not allowed in a PDF string (Unicode):
Package hyperref Warning: Token not allowed in a PDF string (Unicode):
Package hyperref Warning: Token not allowed in a PDF string (Unicode):
Package hyperref Warning: Token not allowed in a PDF string (Unicode):
Package hyperref Warning: Token not allowed in a PDF string (Unicode):
Package hyperref Warning: Token not allowed in a PDF string (Unicode):
Package hyperref Warning: Token not allowed in a PDF string (Unicode):
Package hyperref Warning: Token not allowed in a PDF string (Unicode):
Package hyperref Warning: Token not allowed in a PDF string (Unicode):
Package hyperref Warning: Token not allowed in a PDF string (Unicode):
Package hyperref Warning: Token not allowed in a PDF string (Unicode):
Package hyperref Warning: Token not allowed in a PDF string (Unicode):
Package hyperref Warning: Token not allowed in a PDF string (Unicode):
Package hyperref Warning: Token not allowed in a PDF string (Unicode):
Package hyperref Warning: Token not allowed in a PDF string (Unicode):
Package hyperref Warning: Token not allowed in a PDF string (Unicode):
Package hyperref Warning: Token not allowed in a PDF string (Unicode):
Package hyperref Warning: Token not allowed in a PDF string (Unicode):
Package hyperref Warning: Token not allowed in a PDF string (Unicode):
Package hyperref Warning: Token not allowed in a PDF string (Unicode):
Package hyperref Warning: Token not allowed in a PDF string (Unicode):
Package hyperref Warning: Token not allowed in a PDF string (Unicode):
Package hyperref Warning: Token not allowed in a PDF string (Unicode):
Package hyperref Warning: Token not allowed in a PDF string (Unicode):
Package hyperref Warning: Token not allowed in a PDF string (Unicode):
Package hyperref Warning: Token not allowed in a PDF string (Unicode):
Package hyperref Warning: Token not allowed in a PDF string (Unicode):
Package hyperref Warning: Token not allowed in a PDF string (Unicode):
Package hyperref Warning: Token not allowed in a PDF string (Unicode):
Package hyperref Warning: Token not allowed in a PDF string (Unicode):
Package hyperref Warning: Token not allowed in a PDF string (Unicode):
Package hyperref Warning: Token not allowed in a PDF string (Unicode):
Package hyperref Warning: Token not allowed in a PDF string (Unicode):
Package hyperref Warning: Token not allowed in a PDF string (Unicode):
Package hyperref Warning: Token not allowed in a PDF string (Unicode):
Package hyperref Warning: Token not allowed in a PDF string (Unicode):
Package hyperref Warning: Token not allowed in a PDF string (Unicode):
Package hyperref Warning: Token not allowed in a PDF string (Unicode):
Package hyperref Warning: Token not allowed in a PDF string (Unicode):
Package hyperref Warning: Token not allowed in a PDF string (Unicode):
Package hyperref Warning: Token not allowed in a PDF string (Unicode):
Package hyperref Warning: Token not allowed in a PDF string (Unicode):
Package hyperref Warning: Token not allowed in a PDF string (Unicode):
Package hyperref Warning: Token not allowed in a PDF string (Unicode):
Package hyperref Warning: Token not allowed in a PDF string (Unicode):
Package hyperref Warning: Token not allowed in a PDF string (Unicode):
Package hyperref Warning: Token not allowed in a PDF string (Unicode):
Package hyperref Warning: Token not allowed in a PDF string (Unicode):
Package hyperref Warning: Token not allowed in a PDF string (Unicode):
Package hyperref Warning: Token not allowed in a PDF string (Unicode):
Package hyperref Warning: Token not allowed in a PDF string (Unicode):
Package hyperref Warning: Token not allowed in a PDF string (Unicode):
Package hyperref Warning: Token not allowed in a PDF string (Unicode):
Package hyperref Warning: Token not allowed in a PDF string (Unicode):
Package hyperref Warning: Token not allowed in a PDF string (Unicode):
Package hyperref Warning: Token not allowed in a PDF string (Unicode):
Package hyperref Warning: Token not allowed in a PDF string (Unicode):
Package hyperref Warning: Token not allowed in a PDF string (Unicode):
Package hyperref Warning: Token not allowed in a PDF string (Unicode):
Package hyperref Warning: Token not allowed in a PDF string (Unicode):
Package hyperref Warning: Token not allowed in a PDF string (Unicode):
Package hyperref Warning: Token not allowed in a PDF string (Unicode):
Package hyperref Warning: Token not allowed in a PDF string (Unicode):
Package hyperref Warning: Token not allowed in a PDF string (Unicode):
Package hyperref Warning: Token not allowed in a PDF string (Unicode):
Package hyperref Warning: Token not allowed in a PDF string (Unicode):
Package hyperref Warning: Token not allowed in a PDF string (Unicode):
Package hyperref Warning: Token not allowed in a PDF string (Unicode):
Package hyperref Warning: Token not allowed in a PDF string (Unicode):
Package hyperref Warning: Token not allowed in a PDF string (Unicode):
Package hyperref Warning: Token not allowed in a PDF string (Unicode):
Package hyperref Warning: Token not allowed in a PDF string (Unicode):
Package hyperref Warning: Token not allowed in a PDF string (Unicode):
Package hyperref Warning: Token not allowed in a PDF string (Unicode):
Package hyperref Warning: Token not allowed in a PDF string (Unicode):
Package hyperref Warning: Token not allowed in a PDF string (Unicode):
Package hyperref Warning: Token not allowed in a PDF string (Unicode):
Package hyperref Warning: Token not allowed in a PDF string (Unicode):
Package hyperref Warning: Token not allowed in a PDF string (Unicode):
Package hyperref Warning: Token not allowed in a PDF string (Unicode):
Package hyperref Warning: Token not allowed in a PDF string (Unicode):
Package hyperref Warning: Token not allowed in a PDF string (Unicode):
Package hyperref Warning: Token not allowed in a PDF string (Unicode):
Package hyperref Warning: Token not allowed in a PDF string (Unicode):
Package hyperref Warning: Token not allowed in a PDF string (Unicode):
Package hyperref Warning: Token not allowed in a PDF string (Unicode):
Package hyperref Warning: Token not allowed in a PDF string (Unicode):
Package hyperref Warning: Token not allowed in a PDF string (Unicode):
Package hyperref Warning: Token not allowed in a PDF string (Unicode):
Package hyperref Warning: Token not allowed in a PDF string (Unicode):
Package hyperref Warning: Token not allowed in a PDF string (Unicode):
Package hyperref Warning: Token not allowed in a PDF string (Unicode):
Package hyperref Warning: Token not allowed in a PDF string (Unicode):
Package hyperref Warning: Token not allowed in a PDF string (Unicode):
Package hyperref Warning: Token not allowed in a PDF string (Unicode):
Package hyperref Warning: Token not allowed in a PDF string (Unicode):
Package hyperref Warning: Token not allowed in a PDF string (Unicode):
Package hyperref Warning: Token not allowed in a PDF string (Unicode):
Package hyperref Warning: Token not allowed in a PDF string (Unicode):
Package hyperref Warning: Token not allowed in a PDF string (Unicode):
Package hyperref Warning: Token not allowed in a PDF string (Unicode):
Package hyperref Warning: Token not allowed in a PDF string (Unicode):
Package hyperref Warning: Token not allowed in a PDF string (Unicode):
Package hyperref Warning: Token not allowed in a PDF string (Unicode):
Package hyperref Warning: Token not allowed in a PDF string (Unicode):
Package hyperref Warning: Token not allowed in a PDF string (Unicode):
Package hyperref Warning: Token not allowed in a PDF string (Unicode):
Package hyperref Warning: Token not allowed in a PDF string (Unicode):
Package hyperref Warning: Token not allowed in a PDF string (Unicode):
Package hyperref Warning: Token not allowed in a PDF string (Unicode):
Package hyperref Warning: Token not allowed in a PDF string (Unicode):
Package hyperref Warning: Token not allowed in a PDF string (Unicode):
Package hyperref Warning: Token not allowed in a PDF string (Unicode):
Package hyperref Warning: Token not allowed in a PDF string (Unicode):
Package hyperref Warning: Token not allowed in a PDF string (Unicode):
Package hyperref Warning: Token not allowed in a PDF string (Unicode):
Output written on main.pdf (314 pages).

=========================================
✅ نجح التجميع!
✅ Compilation successful!
=========================================

📄 الملف: main.pdf
📄 File: main.pdf
📊 الحجم: 769K
📊 Size: 769K

للعرض: xdg-open main.pdf (Linux) أو open main.pdf (macOS)
To view: xdg-open main.pdf (Linux) or open main.pdf (macOS)

⚠️  ملاحظة: هناك بعض التحذيرات عن امتلاء السطور (طبيعي في النصوص العربية)
⚠️  Note: Some overfull hbox warnings (normal for Arabic text)

=========================================
✨ تمت العملية بنجاح!
✨ Done!
=========================================
